Determining if the pthread_create exist failed with the following output:
Change Dir: /home/crashlab/catkin_ws/build/CMakeFiles/CMakeTmp

Run Build Command:"/usr/bin/make" "cmTC_837fb/fast"
/usr/bin/make -f CMakeFiles/cmTC_837fb.dir/build.make CMakeFiles/cmTC_837fb.dir/build
make[1]: Entering directory '/home/crashlab/catkin_ws/build/CMakeFiles/CMakeTmp'
Building C object CMakeFiles/cmTC_837fb.dir/CheckSymbolExists.c.o
/usr/bin/cc    -o CMakeFiles/cmTC_837fb.dir/CheckSymbolExists.c.o   -c /home/crashlab/catkin_ws/build/CMakeFiles/CMakeTmp/CheckSymbolExists.c
Linking C executable cmTC_837fb
/usr/bin/cmake -E cmake_link_script CMakeFiles/cmTC_837fb.dir/link.txt --verbose=1
/usr/bin/cc      -rdynamic CMakeFiles/cmTC_837fb.dir/CheckSymbolExists.c.o  -o cmTC_837fb 
CMakeFiles/cmTC_837fb.dir/CheckSymbolExists.c.o: In function `main':
CheckSymbolExists.c:(.text+0x14): undefined reference to `pthread_create'
CheckSymbolExists.c:(.text+0x18): undefined reference to `pthread_create'
collect2: error: ld returned 1 exit status
CMakeFiles/cmTC_837fb.dir/build.make:97: recipe for target 'cmTC_837fb' failed
make[1]: *** [cmTC_837fb] Error 1
make[1]: Leaving directory '/home/crashlab/catkin_ws/build/CMakeFiles/CMakeTmp'
Makefile:126: recipe for target 'cmTC_837fb/fast' failed
make: *** [cmTC_837fb/fast] Error 2

File /home/crashlab/catkin_ws/build/CMakeFiles/CMakeTmp/CheckSymbolExists.c:
/* */
#include <pthread.h>

int main(int argc, char** argv)
{
  (void)argv;
#ifndef pthread_create
  return ((int*)(&pthread_create))[argc];
#else
  (void)argc;
  return 0;
#endif
}

Determining if the function pthread_create exists in the pthreads failed with the following output:
Change Dir: /home/crashlab/catkin_ws/build/CMakeFiles/CMakeTmp

Run Build Command:"/usr/bin/make" "cmTC_ffd2b/fast"
/usr/bin/make -f CMakeFiles/cmTC_ffd2b.dir/build.make CMakeFiles/cmTC_ffd2b.dir/build
make[1]: Entering directory '/home/crashlab/catkin_ws/build/CMakeFiles/CMakeTmp'
Building C object CMakeFiles/cmTC_ffd2b.dir/CheckFunctionExists.c.o
/usr/bin/cc   -DCHECK_FUNCTION_EXISTS=pthread_create   -o CMakeFiles/cmTC_ffd2b.dir/CheckFunctionExists.c.o   -c /usr/share/cmake-3.10/Modules/CheckFunctionExists.c
Linking C executable cmTC_ffd2b
/usr/bin/cmake -E cmake_link_script CMakeFiles/cmTC_ffd2b.dir/link.txt --verbose=1
/usr/bin/cc  -DCHECK_FUNCTION_EXISTS=pthread_create    -rdynamic CMakeFiles/cmTC_ffd2b.dir/CheckFunctionExists.c.o  -o cmTC_ffd2b -lpthreads 
/usr/bin/ld: cannot find -lpthreads
collect2: error: ld returned 1 exit status
CMakeFiles/cmTC_ffd2b.dir/build.make:97: recipe for target 'cmTC_ffd2b' failed
make[1]: *** [cmTC_ffd2b] Error 1
make[1]: Leaving directory '/home/crashlab/catkin_ws/build/CMakeFiles/CMakeTmp'
Makefile:126: recipe for target 'cmTC_ffd2b/fast' failed
make: *** [cmTC_ffd2b/fast] Error 2


